<?xml version="1.0" encoding="UTF-8"?>
<!-- Generated by org.testng.reporters.JUnitReportReporter -->
<testsuite hostname="suriya" failures="0" tests="1" name="ParallelExeceutionShoe.puma" time="5.612" errors="0" timestamp="2023-11-21T10:25:57 IST" skipped="0">
  <testcase classname="ParallelExeceutionShoe.puma" name="openPuma" time="5.612"/>
  <system-out/>
</testsuite> <!-- ParallelExeceutionShoe.puma -->
