<?xml version="1.0" encoding="UTF-8"?>
<!-- Generated by org.testng.reporters.JUnitReportReporter -->
<testsuite hostname="suriya" failures="0" tests="1" name="Yogita.WorkingWithSoftAssert" time="7.546" errors="0" timestamp="2023-11-22T12:47:06 IST" skipped="0">
  <testcase classname="Yogita.WorkingWithSoftAssert" name="m1" time="7.546"/>
  <system-out/>
</testsuite> <!-- Yogita.WorkingWithSoftAssert -->
