<?xml version="1.0" encoding="UTF-8"?>
<!-- Generated by org.testng.reporters.JUnitReportReporter -->
<testsuite hostname="suriya" failures="0" tests="1" name="watch.fastTrack" time="4.964" errors="0" timestamp="2023-12-13T22:55:10 IST" skipped="0">
  <testcase classname="watch.fastTrack" name="openFasttrack" time="4.964"/>
  <system-out/>
</testsuite> <!-- watch.fastTrack -->
