<?xml version="1.0" encoding="UTF-8"?>
<!-- Generated by org.testng.reporters.JUnitReportReporter -->
<testsuite hostname="suriya" failures="0" tests="3" name="unitTesting.Test_Case" time="0.005" errors="0" timestamp="2023-11-21T09:21:31 IST" skipped="0">
  <testcase classname="unitTesting.Test_Case" name="name1" time="0.001"/>
  <system-out>
johnson  </system-out>
  <testcase classname="unitTesting.Test_Case" name="name2" time="0.001"/>
  <system-out>
Suriya johnson  </system-out>
  <testcase classname="unitTesting.Test_Case" name="name" time="0.003"/>
  <system-out>
suriya johnson  </system-out>
</testsuite> <!-- unitTesting.Test_Case -->
