<?xml version="1.0" encoding="UTF-8"?>
<!-- Generated by org.testng.reporters.JUnitReportReporter -->
<testsuite hostname="suriya" failures="0" tests="1" name="practice.Test_Login" time="8.654" errors="0" timestamp="2023-11-20T18:09:39 IST" skipped="0">
  <testcase classname="practice.Test_Login" name="login" time="8.654"/>
  <system-out/>
</testsuite> <!-- practice.Test_Login -->
