<?xml version="1.0" encoding="UTF-8"?>
<!-- Generated by org.testng.reporters.JUnitReportReporter -->
<testsuite hostname="suriya" failures="0" tests="1" name="shoe.addidas" time="8.664" errors="0" timestamp="2023-12-13T22:55:10 IST" skipped="0">
  <testcase classname="shoe.addidas" name="openAddidas" time="8.664"/>
  <system-out/>
</testsuite> <!-- shoe.addidas -->
