<?xml version="1.0" encoding="UTF-8"?>
<!-- Generated by org.testng.reporters.JUnitReportReporter -->
<testsuite hostname="suriya" failures="0" tests="2" name="Advance.WorkingWIthDataProvide_Login" time="14.222" errors="0" timestamp="2023-11-21T12:11:43 IST" skipped="0">
  <testcase classname="Advance.WorkingWIthDataProvide_Login" name="test" time="9.769"/>
  <system-out/>
  <testcase classname="Advance.WorkingWIthDataProvide_Login" name="test" time="4.453"/>
  <system-out/>
</testsuite> <!-- Advance.WorkingWIthDataProvide_Login -->
