<?xml version="1.0" encoding="UTF-8"?>
<!-- Generated by org.testng.reporters.JUnitReportReporter -->
<testsuite hostname="suriya" failures="0" tests="4" name="Yogita.WorkingWIthDataProvide" time="0.023" errors="0" timestamp="2023-11-22T11:37:44 IST" skipped="0">
  <testcase classname="Yogita.WorkingWIthDataProvide" name="login" time="0.002"/>
  <system-out>
sebasti Female  </system-out>
  <testcase classname="Yogita.WorkingWIthDataProvide" name="login" time="0.003"/>
  <system-out>
Jenifer Female  </system-out>
  <testcase classname="Yogita.WorkingWIthDataProvide" name="login" time="0.016"/>
  <system-out>
suriya Male  </system-out>
  <testcase classname="Yogita.WorkingWIthDataProvide" name="login" time="0.002"/>
  <system-out>
sandanam Male  </system-out>
</testsuite> <!-- Yogita.WorkingWIthDataProvide -->
