<?xml version="1.0" encoding="UTF-8"?>
<!-- Generated by org.testng.reporters.JUnitReportReporter -->
<testsuite hostname="suriya" failures="0" tests="2" name="Advance.WorkingWIthDataProvide" time="0.022" errors="0" timestamp="2023-11-21T11:57:43 IST" skipped="0">
  <testcase classname="Advance.WorkingWIthDataProvide" name="login" time="0.002"/>
  <system-out>
username2 password2  </system-out>
  <testcase classname="Advance.WorkingWIthDataProvide" name="login" time="0.020"/>
  <system-out>
username1 password1  </system-out>
</testsuite> <!-- Advance.WorkingWIthDataProvide -->
