<?xml version="1.0" encoding="UTF-8"?>
<!-- Generated by org.testng.reporters.JUnitReportReporter -->
<testsuite hostname="suriya" failures="0" tests="2" name="Rockesh.testCase" time="7.500" errors="0" timestamp="2023-12-14T00:12:05 IST" skipped="0">
  <testcase classname="Rockesh.testCase" name="test1" time="2.733"/>
  <system-out>
haii  </system-out>
  <testcase classname="Rockesh.testCase" name="test2" time="4.767"/>
  <system-out>
bye  </system-out>
</testsuite> <!-- Rockesh.testCase -->
