<?xml version="1.0" encoding="UTF-8"?>
<!-- Generated by org.testng.reporters.JUnitReportReporter -->
<testsuite hostname="suriya" failures="0" tests="4" name="unitTesting.test_case2" time="0.041" errors="0" timestamp="2023-11-21T09:21:31 IST" skipped="1">
  <testcase classname="unitTesting.test_case2" name="createAccount" time="0.020"/>
  <system-out/>
  <testcase classname="unitTesting.test_case2" name="createAccount" time="0.020"/>
  <system-out/>
  <testcase classname="unitTesting.test_case2" name="deleteAccount" time="0.001"/>
  <system-out/>
  <testcase classname="unitTesting.test_case2" name="modifyAccount">
    <skipped/>
  </testcase> <!-- modifyAccount -->
  <system-out/>
</testsuite> <!-- unitTesting.test_case2 -->
