<?xml version="1.0" encoding="UTF-8"?>
<!-- Generated by org.testng.reporters.JUnitReportReporter -->
<testsuite hostname="suriya" failures="0" tests="4" name="unitTesting.test_case1" time="0.011" errors="0" timestamp="2023-11-21T09:21:31 IST" skipped="1">
  <testcase classname="unitTesting.test_case1" name="run" time="0.004"/>
  <system-out>
from run  </system-out>
  <testcase classname="unitTesting.test_case1" name="start" time="0.003"/>
  <system-out>
from start  </system-out>
  <testcase classname="unitTesting.test_case1" name="start" time="0.004"/>
  <system-out>
from start  </system-out>
  <testcase classname="unitTesting.test_case1" name="stop">
    <skipped/>
  </testcase> <!-- stop -->
  <system-out/>
</testsuite> <!-- unitTesting.test_case1 -->
