<?xml version="1.0" encoding="UTF-8"?>
<!-- Generated by org.testng.reporters.JUnitReportReporter -->
<testsuite hostname="suriya" failures="0" tests="4" name="practice.p30" time="0.017" errors="0" timestamp="2023-12-08T20:46:25 IST" skipped="0">
  <testcase classname="practice.p30" name="testCase1" time="0.003"/>
  <system-out/>
  <testcase classname="practice.p30" name="testCase1" time="0.002"/>
  <system-out/>
  <testcase classname="practice.p30" name="testCase1" time="0.010"/>
  <system-out/>
  <testcase classname="practice.p30" name="testCase1" time="0.002"/>
  <system-out/>
</testsuite> <!-- practice.p30 -->
