<?xml version="1.0" encoding="UTF-8"?>
<!-- Generated by org.testng.reporters.JUnitReportReporter -->
<testsuite hostname="suriya" failures="0" tests="1" name="ParallelExecutionWatch.fastTrack" time="9.186" errors="0" timestamp="2023-11-21T10:25:57 IST" skipped="0">
  <testcase classname="ParallelExecutionWatch.fastTrack" name="openFasttrack" time="9.186"/>
  <system-out/>
</testsuite> <!-- ParallelExecutionWatch.fastTrack -->
