<?xml version="1.0" encoding="UTF-8"?>
<!-- Generated by org.testng.reporters.JUnitReportReporter -->
<testsuite hostname="suriya" failures="0" tests="1" name="shoe.puma" time="10.029" errors="0" timestamp="2023-12-13T22:55:10 IST" skipped="0">
  <testcase classname="shoe.puma" name="openPuma" time="10.029"/>
  <system-out/>
</testsuite> <!-- shoe.puma -->
